<?xml version="1.0" encoding="UTF-8"?>
<testsuite name="ru.clevertec.utils.UtilsTest" tests="2" skipped="0" failures="0" errors="0" timestamp="2024-08-25T19:16:04" hostname="192.168.100.8" time="0.042">
  <properties/>
  <testcase name="isAllPositiveNumber()" classname="ru.clevertec.utils.UtilsTest" time="0.036"/>
  <testcase name="isAllPositiveNumberCheckException()" classname="ru.clevertec.utils.UtilsTest" time="0.003"/>
  <system-out><![CDATA[All numbers are positive : [1, 2]
All numbers are not positive : [-1, -2]
All numbers are not positive : [1, -2, 3]
]]></system-out>
  <system-err><![CDATA[]]></system-err>
</testsuite>
